Usage: celery <command> [options] 

Show help screen and exit.

Options:
  -A APP, --app=APP     app instance to use (e.g. module.attr_name)
  -b BROKER, --broker=BROKER
                        url to broker.  default is 'amqp://guest@localhost//'
  --loader=LOADER       name of custom loader class to use.
  --config=CONFIG       Name of the configuration module
  --workdir=WORKING_DIRECTORY
                        Optional directory to change to after detaching.
  -C, --no-color        
  -q, --quiet           
  --version             show program's version number and exit
  -h, --help            show this help message and exit

---- -- - - ---- Commands- -------------- --- ------------

+ [1;37mMain[0m: 
|    celery [1;32mworker[0m
|    celery [1;32mevents[0m
|    celery [1;32mbeat[0m
|    celery [1;32mshell[0m
|    celery [1;32mmulti[0m
|    celery [1;32mamqp[0m

+ [1;37mRemote Control[0m: 
|    celery [1;34mstatus[0m
 
|    celery [1;34minspect[0m --help
|    celery inspect [1;34mactive[0m
|    celery inspect [1;34mactive_queues[0m
|    celery inspect [1;34mclock[0m
|    celery inspect [1;34mconf[0m None
|    celery inspect [1;34mmemdump[0m
|    celery inspect [1;34mmemsample[0m
|    celery inspect [1;34mobjgraph[0m None
|    celery inspect [1;34mping[0m
|    celery inspect [1;34mregistered[0m
|    celery inspect [1;34mreport[0m
|    celery inspect [1;34mreserved[0m
|    celery inspect [1;34mrevoked[0m
|    celery inspect [1;34mscheduled[0m
|    celery inspect [1;34mstats[0m
 
|    celery [1;34mcontrol[0m --help
|    celery control [1;34madd_consumer[0m <queue> [exchange [type [routing_key]]]
|    celery control [1;34mautoscale[0m [max] [min]
|    celery control [1;34mcancel_consumer[0m <queue>
|    celery control [1;34mdisable_events[0m
|    celery control [1;34menable_events[0m
|    celery control [1;34mpool_grow[0m [N=1]
|    celery control [1;34mpool_shrink[0m [N=1]
|    celery control [1;34mrate_limit[0m <task_name> <rate_limit> (e.g. 5/s | 5/m | 5/h)>
|    celery control [1;34mtime_limit[0m <task_name> <soft_secs> [hard_secs]

+ [1;37mUtils[0m: 
|    celery purge
|    celery list
|    celery migrate
|    celery call
|    celery result
|    celery report
---- -- - - --------- -- - -------------- --- ------------

Type 'celery <command> --help' for help using a specific command.

Usage: celery <command> [options] 

Show help screen and exit.

Options:
  -A APP, --app=APP     app instance to use (e.g. module.attr_name)
  -b BROKER, --broker=BROKER
                        url to broker.  default is 'amqp://guest@localhost//'
  --loader=LOADER       name of custom loader class to use.
  --config=CONFIG       Name of the configuration module
  --workdir=WORKING_DIRECTORY
                        Optional directory to change to after detaching.
  -C, --no-color        
  -q, --quiet           
  --version             show program's version number and exit
  -h, --help            show this help message and exit

---- -- - - ---- Commands- -------------- --- ------------

+ [1;37mMain[0m: 
|    celery [1;32mworker[0m
|    celery [1;32mevents[0m
|    celery [1;32mbeat[0m
|    celery [1;32mshell[0m
|    celery [1;32mmulti[0m
|    celery [1;32mamqp[0m

+ [1;37mRemote Control[0m: 
|    celery [1;34mstatus[0m
 
|    celery [1;34minspect[0m --help
|    celery inspect [1;34mactive[0m
|    celery inspect [1;34mactive_queues[0m
|    celery inspect [1;34mclock[0m
|    celery inspect [1;34mconf[0m None
|    celery inspect [1;34mmemdump[0m
|    celery inspect [1;34mmemsample[0m
|    celery inspect [1;34mobjgraph[0m None
|    celery inspect [1;34mping[0m
|    celery inspect [1;34mregistered[0m
|    celery inspect [1;34mreport[0m
|    celery inspect [1;34mreserved[0m
|    celery inspect [1;34mrevoked[0m
|    celery inspect [1;34mscheduled[0m
|    celery inspect [1;34mstats[0m
 
|    celery [1;34mcontrol[0m --help
|    celery control [1;34madd_consumer[0m <queue> [exchange [type [routing_key]]]
|    celery control [1;34mautoscale[0m [max] [min]
|    celery control [1;34mcancel_consumer[0m <queue>
|    celery control [1;34mdisable_events[0m
|    celery control [1;34menable_events[0m
|    celery control [1;34mpool_grow[0m [N=1]
|    celery control [1;34mpool_shrink[0m [N=1]
|    celery control [1;34mrate_limit[0m <task_name> <rate_limit> (e.g. 5/s | 5/m | 5/h)>
|    celery control [1;34mtime_limit[0m <task_name> <soft_secs> [hard_secs]

+ [1;37mUtils[0m: 
|    celery purge
|    celery list
|    celery migrate
|    celery call
|    celery result
|    celery report
---- -- - - --------- -- - -------------- --- ------------

Type 'celery <command> --help' for help using a specific command.

Usage: celery <command> [options] 

Show help screen and exit.

Options:
  -A APP, --app=APP     app instance to use (e.g. module.attr_name)
  -b BROKER, --broker=BROKER
                        url to broker.  default is 'amqp://guest@localhost//'
  --loader=LOADER       name of custom loader class to use.
  --config=CONFIG       Name of the configuration module
  --workdir=WORKING_DIRECTORY
                        Optional directory to change to after detaching.
  -C, --no-color        
  -q, --quiet           
  --version             show program's version number and exit
  -h, --help            show this help message and exit

---- -- - - ---- Commands- -------------- --- ------------

+ [1;37mMain[0m: 
|    celery [1;32mworker[0m
|    celery [1;32mevents[0m
|    celery [1;32mbeat[0m
|    celery [1;32mshell[0m
|    celery [1;32mmulti[0m
|    celery [1;32mamqp[0m

+ [1;37mRemote Control[0m: 
|    celery [1;34mstatus[0m
 
|    celery [1;34minspect[0m --help
|    celery inspect [1;34mactive[0m
|    celery inspect [1;34mactive_queues[0m
|    celery inspect [1;34mclock[0m
|    celery inspect [1;34mconf[0m None
|    celery inspect [1;34mmemdump[0m
|    celery inspect [1;34mmemsample[0m
|    celery inspect [1;34mobjgraph[0m None
|    celery inspect [1;34mping[0m
|    celery inspect [1;34mregistered[0m
|    celery inspect [1;34mreport[0m
|    celery inspect [1;34mreserved[0m
|    celery inspect [1;34mrevoked[0m
|    celery inspect [1;34mscheduled[0m
|    celery inspect [1;34mstats[0m
 
|    celery [1;34mcontrol[0m --help
|    celery control [1;34madd_consumer[0m <queue> [exchange [type [routing_key]]]
|    celery control [1;34mautoscale[0m [max] [min]
|    celery control [1;34mcancel_consumer[0m <queue>
|    celery control [1;34mdisable_events[0m
|    celery control [1;34menable_events[0m
|    celery control [1;34mpool_grow[0m [N=1]
|    celery control [1;34mpool_shrink[0m [N=1]
|    celery control [1;34mrate_limit[0m <task_name> <rate_limit> (e.g. 5/s | 5/m | 5/h)>
|    celery control [1;34mtime_limit[0m <task_name> <soft_secs> [hard_secs]

+ [1;37mUtils[0m: 
|    celery purge
|    celery list
|    celery migrate
|    celery call
|    celery result
|    celery report
---- -- - - --------- -- - -------------- --- ------------

Type 'celery <command> --help' for help using a specific command.

Usage: celery <command> [options] 

Show help screen and exit.

Options:
  -A APP, --app=APP     app instance to use (e.g. module.attr_name)
  -b BROKER, --broker=BROKER
                        url to broker.  default is 'amqp://guest@localhost//'
  --loader=LOADER       name of custom loader class to use.
  --config=CONFIG       Name of the configuration module
  --workdir=WORKING_DIRECTORY
                        Optional directory to change to after detaching.
  -C, --no-color        
  -q, --quiet           
  --version             show program's version number and exit
  -h, --help            show this help message and exit

---- -- - - ---- Commands- -------------- --- ------------

+ [1;37mMain[0m: 
|    celery [1;32mworker[0m
|    celery [1;32mevents[0m
|    celery [1;32mbeat[0m
|    celery [1;32mshell[0m
|    celery [1;32mmulti[0m
|    celery [1;32mamqp[0m

+ [1;37mRemote Control[0m: 
|    celery [1;34mstatus[0m
 
|    celery [1;34minspect[0m --help
|    celery inspect [1;34mactive[0m
|    celery inspect [1;34mactive_queues[0m
|    celery inspect [1;34mclock[0m
|    celery inspect [1;34mconf[0m None
|    celery inspect [1;34mmemdump[0m
|    celery inspect [1;34mmemsample[0m
|    celery inspect [1;34mobjgraph[0m None
|    celery inspect [1;34mping[0m
|    celery inspect [1;34mregistered[0m
|    celery inspect [1;34mreport[0m
|    celery inspect [1;34mreserved[0m
|    celery inspect [1;34mrevoked[0m
|    celery inspect [1;34mscheduled[0m
|    celery inspect [1;34mstats[0m
 
|    celery [1;34mcontrol[0m --help
|    celery control [1;34madd_consumer[0m <queue> [exchange [type [routing_key]]]
|    celery control [1;34mautoscale[0m [max] [min]
|    celery control [1;34mcancel_consumer[0m <queue>
|    celery control [1;34mdisable_events[0m
|    celery control [1;34menable_events[0m
|    celery control [1;34mpool_grow[0m [N=1]
|    celery control [1;34mpool_shrink[0m [N=1]
|    celery control [1;34mrate_limit[0m <task_name> <rate_limit> (e.g. 5/s | 5/m | 5/h)>
|    celery control [1;34mtime_limit[0m <task_name> <soft_secs> [hard_secs]

+ [1;37mUtils[0m: 
|    celery purge
|    celery list
|    celery migrate
|    celery call
|    celery result
|    celery report
---- -- - - --------- -- - -------------- --- ------------

Type 'celery <command> --help' for help using a specific command.

Usage: celery <command> [options] 

Show help screen and exit.

Options:
  -A APP, --app=APP     app instance to use (e.g. module.attr_name)
  -b BROKER, --broker=BROKER
                        url to broker.  default is 'amqp://guest@localhost//'
  --loader=LOADER       name of custom loader class to use.
  --config=CONFIG       Name of the configuration module
  --workdir=WORKING_DIRECTORY
                        Optional directory to change to after detaching.
  -C, --no-color        
  -q, --quiet           
  --version             show program's version number and exit
  -h, --help            show this help message and exit

---- -- - - ---- Commands- -------------- --- ------------

+ [1;37mMain[0m: 
|    celery [1;32mworker[0m
|    celery [1;32mevents[0m
|    celery [1;32mbeat[0m
|    celery [1;32mshell[0m
|    celery [1;32mmulti[0m
|    celery [1;32mamqp[0m

+ [1;37mRemote Control[0m: 
|    celery [1;34mstatus[0m
 
|    celery [1;34minspect[0m --help
|    celery inspect [1;34mactive[0m
|    celery inspect [1;34mactive_queues[0m
|    celery inspect [1;34mclock[0m
|    celery inspect [1;34mconf[0m None
|    celery inspect [1;34mmemdump[0m
|    celery inspect [1;34mmemsample[0m
|    celery inspect [1;34mobjgraph[0m None
|    celery inspect [1;34mping[0m
|    celery inspect [1;34mregistered[0m
|    celery inspect [1;34mreport[0m
|    celery inspect [1;34mreserved[0m
|    celery inspect [1;34mrevoked[0m
|    celery inspect [1;34mscheduled[0m
|    celery inspect [1;34mstats[0m
 
|    celery [1;34mcontrol[0m --help
|    celery control [1;34madd_consumer[0m <queue> [exchange [type [routing_key]]]
|    celery control [1;34mautoscale[0m [max] [min]
|    celery control [1;34mcancel_consumer[0m <queue>
|    celery control [1;34mdisable_events[0m
|    celery control [1;34menable_events[0m
|    celery control [1;34mpool_grow[0m [N=1]
|    celery control [1;34mpool_shrink[0m [N=1]
|    celery control [1;34mrate_limit[0m <task_name> <rate_limit> (e.g. 5/s | 5/m | 5/h)>
|    celery control [1;34mtime_limit[0m <task_name> <soft_secs> [hard_secs]

+ [1;37mUtils[0m: 
|    celery purge
|    celery list
|    celery migrate
|    celery call
|    celery result
|    celery report
---- -- - - --------- -- - -------------- --- ------------

Type 'celery <command> --help' for help using a specific command.

Usage: celery <command> [options] 

Show help screen and exit.

Options:
  -A APP, --app=APP     app instance to use (e.g. module.attr_name)
  -b BROKER, --broker=BROKER
                        url to broker.  default is 'amqp://guest@localhost//'
  --loader=LOADER       name of custom loader class to use.
  --config=CONFIG       Name of the configuration module
  --workdir=WORKING_DIRECTORY
                        Optional directory to change to after detaching.
  -C, --no-color        
  -q, --quiet           
  --version             show program's version number and exit
  -h, --help            show this help message and exit

---- -- - - ---- Commands- -------------- --- ------------

+ [1;37mMain[0m: 
|    celery [1;32mworker[0m
|    celery [1;32mevents[0m
|    celery [1;32mbeat[0m
|    celery [1;32mshell[0m
|    celery [1;32mmulti[0m
|    celery [1;32mamqp[0m

+ [1;37mRemote Control[0m: 
|    celery [1;34mstatus[0m
 
|    celery [1;34minspect[0m --help
|    celery inspect [1;34mactive[0m
|    celery inspect [1;34mactive_queues[0m
|    celery inspect [1;34mclock[0m
|    celery inspect [1;34mconf[0m None
|    celery inspect [1;34mmemdump[0m
|    celery inspect [1;34mmemsample[0m
|    celery inspect [1;34mobjgraph[0m None
|    celery inspect [1;34mping[0m
|    celery inspect [1;34mregistered[0m
|    celery inspect [1;34mreport[0m
|    celery inspect [1;34mreserved[0m
|    celery inspect [1;34mrevoked[0m
|    celery inspect [1;34mscheduled[0m
|    celery inspect [1;34mstats[0m
 
|    celery [1;34mcontrol[0m --help
|    celery control [1;34madd_consumer[0m <queue> [exchange [type [routing_key]]]
|    celery control [1;34mautoscale[0m [max] [min]
|    celery control [1;34mcancel_consumer[0m <queue>
|    celery control [1;34mdisable_events[0m
|    celery control [1;34menable_events[0m
|    celery control [1;34mpool_grow[0m [N=1]
|    celery control [1;34mpool_shrink[0m [N=1]
|    celery control [1;34mrate_limit[0m <task_name> <rate_limit> (e.g. 5/s | 5/m | 5/h)>
|    celery control [1;34mtime_limit[0m <task_name> <soft_secs> [hard_secs]

+ [1;37mUtils[0m: 
|    celery purge
|    celery list
|    celery migrate
|    celery call
|    celery result
|    celery report
---- -- - - --------- -- - -------------- --- ------------

Type 'celery <command> --help' for help using a specific command.

Usage: celery <command> [options] 

Show help screen and exit.

Options:
  -A APP, --app=APP     app instance to use (e.g. module.attr_name)
  -b BROKER, --broker=BROKER
                        url to broker.  default is 'amqp://guest@localhost//'
  --loader=LOADER       name of custom loader class to use.
  --config=CONFIG       Name of the configuration module
  --workdir=WORKING_DIRECTORY
                        Optional directory to change to after detaching.
  -C, --no-color        
  -q, --quiet           
  --version             show program's version number and exit
  -h, --help            show this help message and exit

---- -- - - ---- Commands- -------------- --- ------------

+ [1;37mMain[0m: 
|    celery [1;32mworker[0m
|    celery [1;32mevents[0m
|    celery [1;32mbeat[0m
|    celery [1;32mshell[0m
|    celery [1;32mmulti[0m
|    celery [1;32mamqp[0m

+ [1;37mRemote Control[0m: 
|    celery [1;34mstatus[0m
 
|    celery [1;34minspect[0m --help
|    celery inspect [1;34mactive[0m
|    celery inspect [1;34mactive_queues[0m
|    celery inspect [1;34mclock[0m
|    celery inspect [1;34mconf[0m None
|    celery inspect [1;34mmemdump[0m
|    celery inspect [1;34mmemsample[0m
|    celery inspect [1;34mobjgraph[0m None
|    celery inspect [1;34mping[0m
|    celery inspect [1;34mregistered[0m
|    celery inspect [1;34mreport[0m
|    celery inspect [1;34mreserved[0m
|    celery inspect [1;34mrevoked[0m
|    celery inspect [1;34mscheduled[0m
|    celery inspect [1;34mstats[0m
 
|    celery [1;34mcontrol[0m --help
|    celery control [1;34madd_consumer[0m <queue> [exchange [type [routing_key]]]
|    celery control [1;34mautoscale[0m [max] [min]
|    celery control [1;34mcancel_consumer[0m <queue>
|    celery control [1;34mdisable_events[0m
|    celery control [1;34menable_events[0m
|    celery control [1;34mpool_grow[0m [N=1]
|    celery control [1;34mpool_shrink[0m [N=1]
|    celery control [1;34mrate_limit[0m <task_name> <rate_limit> (e.g. 5/s | 5/m | 5/h)>
|    celery control [1;34mtime_limit[0m <task_name> <soft_secs> [hard_secs]

+ [1;37mUtils[0m: 
|    celery purge
|    celery list
|    celery migrate
|    celery call
|    celery result
|    celery report
---- -- - - --------- -- - -------------- --- ------------

Type 'celery <command> --help' for help using a specific command.

Usage: celery <command> [options] 

Show help screen and exit.

Options:
  -A APP, --app=APP     app instance to use (e.g. module.attr_name)
  -b BROKER, --broker=BROKER
                        url to broker.  default is 'amqp://guest@localhost//'
  --loader=LOADER       name of custom loader class to use.
  --config=CONFIG       Name of the configuration module
  --workdir=WORKING_DIRECTORY
                        Optional directory to change to after detaching.
  -C, --no-color        
  -q, --quiet           
  --version             show program's version number and exit
  -h, --help            show this help message and exit

---- -- - - ---- Commands- -------------- --- ------------

+ [1;37mMain[0m: 
|    celery [1;32mworker[0m
|    celery [1;32mevents[0m
|    celery [1;32mbeat[0m
|    celery [1;32mshell[0m
|    celery [1;32mmulti[0m
|    celery [1;32mamqp[0m

+ [1;37mRemote Control[0m: 
|    celery [1;34mstatus[0m
 
|    celery [1;34minspect[0m --help
|    celery inspect [1;34mactive[0m
|    celery inspect [1;34mactive_queues[0m
|    celery inspect [1;34mclock[0m
|    celery inspect [1;34mconf[0m None
|    celery inspect [1;34mmemdump[0m
|    celery inspect [1;34mmemsample[0m
|    celery inspect [1;34mobjgraph[0m None
|    celery inspect [1;34mping[0m
|    celery inspect [1;34mregistered[0m
|    celery inspect [1;34mreport[0m
|    celery inspect [1;34mreserved[0m
|    celery inspect [1;34mrevoked[0m
|    celery inspect [1;34mscheduled[0m
|    celery inspect [1;34mstats[0m
 
|    celery [1;34mcontrol[0m --help
|    celery control [1;34madd_consumer[0m <queue> [exchange [type [routing_key]]]
|    celery control [1;34mautoscale[0m [max] [min]
|    celery control [1;34mcancel_consumer[0m <queue>
|    celery control [1;34mdisable_events[0m
|    celery control [1;34menable_events[0m
|    celery control [1;34mpool_grow[0m [N=1]
|    celery control [1;34mpool_shrink[0m [N=1]
|    celery control [1;34mrate_limit[0m <task_name> <rate_limit> (e.g. 5/s | 5/m | 5/h)>
|    celery control [1;34mtime_limit[0m <task_name> <soft_secs> [hard_secs]

+ [1;37mUtils[0m: 
|    celery purge
|    celery list
|    celery migrate
|    celery call
|    celery result
|    celery report
---- -- - - --------- -- - -------------- --- ------------

Type 'celery <command> --help' for help using a specific command.

Starting find_rice_celery
Starting find_rice_celery
