[2015-08-12 10:27:44,921: INFO/MainProcess] Connected to amqp://guest:**@127.0.0.1:5672//
[2015-08-12 10:27:44,956: WARNING/MainProcess] celery@host ready.
[2015-08-12 10:27:46,958: INFO/MainProcess] Received task: Profile.tasks.create_zipped_avatar[c4fcd9a8-94d2-4623-a13d-e67f5f392109]
[2015-08-12 10:27:46,959: INFO/MainProcess] Received task: Profile.tasks.create_zipped_avatar[6feb6775-5a04-4710-b25e-3c87493ae9c7]
[2015-08-12 10:27:46,960: INFO/MainProcess] Received task: Profile.tasks.create_zipped_avatar[189eda38-db38-4be0-be8f-3f6a0dd3c97b]
[2015-08-12 10:27:46,961: INFO/MainProcess] Received task: Profile.tasks.create_zipped_avatar[2532348c-1729-408e-8c50-8507fec8610c]
[2015-08-12 10:27:46,962: INFO/MainProcess] Received task: Profile.tasks.create_zipped_avatar[01d08031-7e2e-4555-860c-df1d49c6fe96]
[2015-08-12 10:27:46,963: INFO/MainProcess] Received task: Profile.tasks.create_zipped_avatar[59500288-4d06-4f8f-83c4-0ad0a78c39d9]
[2015-08-12 10:27:46,964: INFO/MainProcess] Received task: Profile.tasks.create_zipped_avatar[a9406712-b835-4e21-b6cf-818c5f6319ca]
[2015-08-12 10:27:46,965: INFO/MainProcess] Received task: Profile.tasks.create_zipped_avatar[db140282-06fd-43c4-ac6a-9f9f97d1388d]
[2015-08-12 10:27:46,966: INFO/MainProcess] Received task: Profile.tasks.create_zipped_avatar[4ac9baf7-4d99-43f2-abfa-a06a2c76ac77]
[2015-08-12 10:27:46,967: INFO/MainProcess] Received task: Profile.tasks.create_zipped_avatar[7d81522f-aaa5-477f-b412-6d3841eddf33]
[2015-08-12 10:27:46,967: INFO/MainProcess] Received task: Profile.tasks.create_zipped_avatar[8df83561-5c73-4c2f-b4eb-f47c9797ce28]
[2015-08-12 10:27:46,988: INFO/MainProcess] Received task: Activity.tasks.create_zipped_poster[a677efa8-d05b-449f-8c04-2fee5cfa372e]
[2015-08-12 10:27:46,989: INFO/MainProcess] Received task: Profile.tasks.create_zipped_avatar[92ad467f-1f56-4235-85d3-41d9d5406c00]
[2015-08-12 10:27:46,989: INFO/MainProcess] Received task: Profile.tasks.create_zipped_avatar[c4ec49d6-2378-4ead-a712-5f22dd4e592c]
[2015-08-12 10:27:46,990: INFO/MainProcess] Received task: Profile.tasks.create_zipped_avatar[49bfd8e9-3169-46dd-b955-17e665f0a56b]
[2015-08-12 10:27:46,990: INFO/MainProcess] Received task: Profile.tasks.create_zipped_avatar[458ddd9f-42d8-49e1-b86d-09c7326f01b7]
[2015-08-12 10:27:46,991: INFO/MainProcess] Received task: Activity.tasks.create_zipped_poster[c61aaef5-7bf4-4595-96d8-f23fa82c06c5]
[2015-08-12 10:27:46,992: INFO/MainProcess] Received task: Profile.tasks.create_zipped_avatar[8bd23fd0-4919-48c5-8a8c-7323cfc29256]
[2015-08-12 10:27:46,992: INFO/MainProcess] Received task: Activity.tasks.create_zipped_poster[126ef2fc-9fde-4899-a906-306d63f89ee1]
[2015-08-12 10:27:46,993: INFO/MainProcess] Received task: Profile.tasks.create_zipped_avatar[10ff65bf-2117-42fe-862a-6e0f345df369]
[2015-08-12 10:27:46,993: INFO/MainProcess] Received task: Profile.tasks.create_zipped_avatar[e9071539-1da2-41e1-bfaa-84d269120c5e]
[2015-08-12 10:27:46,994: INFO/MainProcess] Received task: Profile.tasks.create_zipped_avatar[7f7b51de-97cd-4a34-bbd7-5cebcb15d275]
[2015-08-12 10:27:46,994: INFO/MainProcess] Received task: Profile.tasks.create_zipped_avatar[10a64f2a-ddd7-4a14-bc33-a3ec2fc1aa0b]
[2015-08-12 10:27:46,995: INFO/MainProcess] Received task: Profile.tasks.create_zipped_avatar[5d496fa5-455a-4513-a5f9-ac676163c6bb]
[2015-08-12 10:27:46,995: INFO/MainProcess] Received task: Profile.tasks.create_zipped_avatar[f4dafcda-8964-4f8f-b0bf-d8828d416f52]
[2015-08-12 10:27:46,996: INFO/MainProcess] Received task: Activity.tasks.create_zipped_poster[ce78e09e-4c90-4b25-af0e-cbad28dc22ce]
[2015-08-12 10:27:46,997: INFO/MainProcess] Received task: Profile.tasks.create_zipped_avatar[9964c792-76cd-47fc-aec3-a1976a17e3cb]
[2015-08-12 10:27:46,997: INFO/MainProcess] Received task: Profile.tasks.create_zipped_avatar[baf34b2c-d396-4458-aef1-82a401faddf0]
[2015-08-12 10:27:46,998: INFO/MainProcess] Received task: Profile.tasks.create_zipped_avatar[4abdc918-1423-4a62-acc4-813d15d43273]
[2015-08-12 10:27:46,998: INFO/MainProcess] Received task: Activity.tasks.create_zipped_poster[9698d4ac-ae4b-4a70-8780-3921b8aaa0c8]
[2015-08-12 10:27:46,999: INFO/MainProcess] Received task: Profile.tasks.create_zipped_avatar[f45d3351-9245-4158-994b-76c2e60e1fbc]
[2015-08-12 10:27:46,999: INFO/MainProcess] Received task: Activity.tasks.create_zipped_poster[9940169d-2fe6-407c-b96c-3209c1777835]
[2015-08-12 10:27:48,991: INFO/MainProcess] Received task: Activity.tasks.create_zipped_poster[617f4679-aa0d-429d-b667-ed01a136f916]
[2015-08-12 10:27:48,994: INFO/MainProcess] Received task: Activity.tasks.create_zipped_poster[6f87b6ab-8c9d-43d9-9d05-74601f9a3535]
[2015-08-12 10:27:48,995: INFO/MainProcess] Received task: Activity.tasks.create_zipped_poster[7fd5f423-5fef-40c3-91e4-a0ee0f18cfff]
[2015-08-12 10:27:48,996: INFO/MainProcess] Received task: Activity.tasks.create_zipped_poster[87852c89-6b9c-4744-ae2e-614179e14d88]
[2015-08-12 10:27:48,997: INFO/MainProcess] Received task: Activity.tasks.create_zipped_poster[35939d62-6f7d-4126-9b22-2c5dc470d6ed]
[2015-08-12 10:27:48,999: INFO/MainProcess] Received task: Activity.tasks.create_zipped_poster[d5ee98dc-4546-4a97-b370-397612f11f0b]
[2015-08-12 10:27:48,999: INFO/MainProcess] Received task: Activity.tasks.create_zipped_poster[5cc78bd0-00ce-448b-b9ce-512a627e40e4]
[2015-08-12 10:27:49,000: INFO/MainProcess] Received task: Profile.tasks.create_zipped_avatar[26893468-4486-472a-bdc7-a4dd74db4dab]
[2015-08-12 10:27:49,224: INFO/MainProcess] Task Profile.tasks.create_zipped_avatar[2532348c-1729-408e-8c50-8507fec8610c] succeeded in 0.261802460998s: None
[2015-08-12 10:27:49,256: INFO/MainProcess] Task Profile.tasks.create_zipped_avatar[c4fcd9a8-94d2-4623-a13d-e67f5f392109] succeeded in 0.296037893742s: None
[2015-08-12 10:27:49,259: INFO/MainProcess] Received task: Activity.tasks.create_zipped_poster[cddcbcf5-7f85-4fb3-a49f-08f5afdba0fb]
[2015-08-12 10:27:49,285: INFO/MainProcess] Task Profile.tasks.create_zipped_avatar[189eda38-db38-4be0-be8f-3f6a0dd3c97b] succeeded in 0.324533427134s: None
[2015-08-12 10:27:49,290: INFO/MainProcess] Task Profile.tasks.create_zipped_avatar[6feb6775-5a04-4710-b25e-3c87493ae9c7] succeeded in 0.32936190255s: None
[2015-08-12 10:27:49,313: INFO/MainProcess] Received task: Activity.tasks.create_zipped_poster[b8e8dcec-1756-4429-a519-49566aca375c]
[2015-08-12 10:27:49,314: INFO/MainProcess] Received task: Activity.tasks.create_zipped_poster[b3b33d66-c272-4182-a56d-d2ec28669592]
[2015-08-12 10:27:49,315: INFO/MainProcess] Received task: Activity.tasks.create_zipped_poster[04033823-947e-4889-80d0-72b115d78516]
[2015-08-12 10:27:49,385: INFO/MainProcess] Task Profile.tasks.create_zipped_avatar[01d08031-7e2e-4555-860c-df1d49c6fe96] succeeded in 0.410133283585s: None
[2015-08-12 10:27:49,386: INFO/MainProcess] Task Profile.tasks.create_zipped_avatar[a9406712-b835-4e21-b6cf-818c5f6319ca] succeeded in 0.409304942936s: None
[2015-08-12 10:27:49,387: INFO/MainProcess] Task Profile.tasks.create_zipped_avatar[db140282-06fd-43c4-ac6a-9f9f97d1388d] succeeded in 0.402123767883s: None
[2015-08-12 10:27:49,393: INFO/MainProcess] Received task: Activity.tasks.create_zipped_poster[fcde2c0b-9a99-4170-95f9-895190316cf4]
[2015-08-12 10:27:49,394: INFO/MainProcess] Received task: Activity.tasks.create_zipped_poster[42d45e28-fbd4-45db-bd70-d4dea3a4b0ee]
[2015-08-12 10:27:49,434: INFO/MainProcess] Task Profile.tasks.create_zipped_avatar[59500288-4d06-4f8f-83c4-0ad0a78c39d9] succeeded in 0.456898654811s: None
[2015-08-12 10:27:49,497: INFO/MainProcess] Received task: Activity.tasks.create_zipped_poster[b21905d7-92fc-4f8a-8a9d-1179fe64f768]
[2015-08-12 10:27:49,499: INFO/MainProcess] Received task: Activity.tasks.create_zipped_poster[5d79790c-ac7d-4c0b-8458-1baa8406abf5]
[2015-08-12 10:27:49,559: INFO/MainProcess] Task Profile.tasks.create_zipped_avatar[4ac9baf7-4d99-43f2-abfa-a06a2c76ac77] succeeded in 0.301273919642s: None
[2015-08-12 10:27:49,560: INFO/MainProcess] Task Profile.tasks.create_zipped_avatar[8df83561-5c73-4c2f-b4eb-f47c9797ce28] succeeded in 0.273958275095s: None
[2015-08-12 10:27:49,562: INFO/MainProcess] Received task: Activity.tasks.create_zipped_poster[79b14266-8b81-4a10-8187-09ed453bbbdf]
[2015-08-12 10:27:49,581: INFO/MainProcess] Task Profile.tasks.create_zipped_avatar[7d81522f-aaa5-477f-b412-6d3841eddf33] succeeded in 0.294087521732s: None
[2015-08-12 10:27:49,582: INFO/MainProcess] Task Activity.tasks.create_zipped_poster[a677efa8-d05b-449f-8c04-2fee5cfa372e] succeeded in 0.270548523404s: None
[2015-08-12 10:27:49,586: INFO/MainProcess] Received task: Activity.tasks.create_zipped_poster[a7325cda-2e6a-4ff8-92c8-dfa93ab4c7e7]
[2015-08-12 10:27:49,587: INFO/MainProcess] Received task: Activity.tasks.create_zipped_poster[6eae6a33-7ed7-4335-827c-e3627ed0ffec]
[2015-08-12 10:27:49,587: INFO/MainProcess] Received task: Activity.tasks.create_zipped_poster[3b48e808-b926-4207-9e06-19da960e3818]
[2015-08-12 10:27:49,612: INFO/MainProcess] Task Profile.tasks.create_zipped_avatar[49bfd8e9-3169-46dd-b955-17e665f0a56b] succeeded in 0.222971294075s: None
[2015-08-12 10:27:49,668: INFO/MainProcess] Task Profile.tasks.create_zipped_avatar[458ddd9f-42d8-49e1-b86d-09c7326f01b7] succeeded in 0.232600273564s: None
[2015-08-12 10:27:49,669: INFO/MainProcess] Task Profile.tasks.create_zipped_avatar[92ad467f-1f56-4235-85d3-41d9d5406c00] succeeded in 0.281463889405s: None
[2015-08-12 10:27:49,671: INFO/MainProcess] Received task: Activity.tasks.create_zipped_poster[59efa7b8-0a8c-48dc-8332-3bf4c2271c6e]
[2015-08-12 10:27:49,673: INFO/MainProcess] Received task: Activity.tasks.create_zipped_poster[4c872dcc-6900-4b2a-90f0-226d17092c88]
[2015-08-12 10:27:49,760: INFO/MainProcess] Task Profile.tasks.create_zipped_avatar[c4ec49d6-2378-4ead-a712-5f22dd4e592c] succeeded in 0.326799310744s: None
[2015-08-12 10:27:49,764: INFO/MainProcess] Received task: Activity.tasks.create_zipped_poster[32c0e7ee-a567-40e9-87d2-7d6825c7005f]
[2015-08-12 10:27:49,765: INFO/MainProcess] Received task: Activity.tasks.create_zipped_poster[2698b667-2d82-49bf-b1c7-ee81da3bea0b]
[2015-08-12 10:27:49,893: INFO/MainProcess] Task Activity.tasks.create_zipped_poster[126ef2fc-9fde-4899-a906-306d63f89ee1] succeeded in 0.310361834243s: None
[2015-08-12 10:27:49,894: INFO/MainProcess] Task Profile.tasks.create_zipped_avatar[10ff65bf-2117-42fe-862a-6e0f345df369] succeeded in 0.311091160402s: None
[2015-08-12 10:27:49,895: INFO/MainProcess] Task Activity.tasks.create_zipped_poster[c61aaef5-7bf4-4595-96d8-f23fa82c06c5] succeeded in 0.333799020387s: None
[2015-08-12 10:27:49,896: INFO/MainProcess] Task Profile.tasks.create_zipped_avatar[8bd23fd0-4919-48c5-8a8c-7323cfc29256] succeeded in 0.31690192502s: None
[2015-08-12 10:27:49,906: INFO/MainProcess] Received task: Activity.tasks.create_zipped_poster[649a4adc-0232-4585-989b-e8621f7cb7d9]
[2015-08-12 10:27:49,907: INFO/MainProcess] Received task: Activity.tasks.create_zipped_poster[6888420b-66a5-4d55-9d61-bcf243e897df]
[2015-08-12 10:27:49,908: INFO/MainProcess] Received task: Activity.tasks.create_zipped_poster[8e785993-0f36-40a8-abcf-fff847ed54b2]
[2015-08-12 10:27:49,909: INFO/MainProcess] Received task: Activity.tasks.create_zipped_poster[ffd7ee76-ec36-4ed2-a0ac-dcd156eb771c]
[2015-08-12 10:27:49,918: INFO/MainProcess] Task Profile.tasks.create_zipped_avatar[7f7b51de-97cd-4a34-bbd7-5cebcb15d275] succeeded in 0.155869716778s: None
[2015-08-12 10:27:49,919: INFO/MainProcess] Task Profile.tasks.create_zipped_avatar[e9071539-1da2-41e1-bfaa-84d269120c5e] succeeded in 0.251426385716s: None
[2015-08-12 10:27:49,920: INFO/MainProcess] Task Profile.tasks.create_zipped_avatar[5d496fa5-455a-4513-a5f9-ac676163c6bb] succeeded in 0.158639223315s: None
[2015-08-12 10:27:49,926: INFO/MainProcess] Task Profile.tasks.create_zipped_avatar[10a64f2a-ddd7-4a14-bc33-a3ec2fc1aa0b] succeeded in 0.254973465577s: None
[2015-08-12 10:27:49,928: INFO/MainProcess] Received task: Activity.tasks.create_zipped_poster[dbfedcb6-9744-4fbd-9879-3c49fa07d71c]
[2015-08-12 10:27:49,929: INFO/MainProcess] Received task: Activity.tasks.create_zipped_poster[667812c1-36a2-40bc-8903-a090a46c43ab]
[2015-08-12 10:27:49,930: INFO/MainProcess] Received task: Activity.tasks.create_zipped_poster[80c8a600-5cb7-4cc1-b1dc-960360199792]
[2015-08-12 10:27:49,932: INFO/MainProcess] Received task: Activity.tasks.create_zipped_poster[774d6cce-7cf1-4bcc-99ab-8ca19fe75b54]
[2015-08-12 10:27:50,171: INFO/MainProcess] Task Profile.tasks.create_zipped_avatar[baf34b2c-d396-4458-aef1-82a401faddf0] succeeded in 0.27060635481s: None
[2015-08-12 10:27:50,207: INFO/MainProcess] Task Profile.tasks.create_zipped_avatar[9964c792-76cd-47fc-aec3-a1976a17e3cb] succeeded in 0.306645818986s: None
[2015-08-12 10:27:50,236: INFO/MainProcess] Task Profile.tasks.create_zipped_avatar[f4dafcda-8964-4f8f-b0bf-d8828d416f52] succeeded in 0.339864493348s: None
[2015-08-12 10:27:50,239: INFO/MainProcess] Received task: Activity.tasks.create_zipped_poster[52c679fa-723b-463d-86fe-03f7a5b60f88]
[2015-08-12 10:27:50,241: INFO/MainProcess] Received task: Activity.tasks.create_zipped_poster[6d21fb7d-721f-4f74-a154-0017bb667cb3]
[2015-08-12 10:27:50,260: INFO/MainProcess] Task Profile.tasks.create_zipped_avatar[f45d3351-9245-4158-994b-76c2e60e1fbc] succeeded in 0.334960905835s: None
[2015-08-12 10:27:50,261: INFO/MainProcess] Task Activity.tasks.create_zipped_poster[ce78e09e-4c90-4b25-af0e-cbad28dc22ce] succeeded in 0.360101454891s: None
[2015-08-12 10:27:50,306: INFO/MainProcess] Received task: Activity.tasks.create_zipped_poster[0af858ee-fbbd-48a5-ba9e-1b9e875c1974]
[2015-08-12 10:27:50,308: INFO/MainProcess] Task Activity.tasks.create_zipped_poster[9698d4ac-ae4b-4a70-8780-3921b8aaa0c8] succeeded in 0.38281304203s: None
[2015-08-12 10:27:50,309: INFO/MainProcess] Task Activity.tasks.create_zipped_poster[9940169d-2fe6-407c-b96c-3209c1777835] succeeded in 0.378915043548s: None
[2015-08-12 10:27:50,309: INFO/MainProcess] Task Profile.tasks.create_zipped_avatar[4abdc918-1423-4a62-acc4-813d15d43273] succeeded in 0.388167792s: None
[2015-08-12 10:27:50,310: INFO/MainProcess] Received task: Activity.tasks.create_zipped_poster[2dfb4b5d-dad4-4ebe-a8ec-05dea808598c]
[2015-08-12 10:27:50,316: INFO/MainProcess] Received task: Activity.tasks.create_zipped_poster[bd465a21-bf52-4d1d-9986-1708a7411e62]
[2015-08-12 10:27:50,320: INFO/MainProcess] Received task: Activity.tasks.create_zipped_poster[a3ccfd1c-a9b0-4758-8830-b1bb0713d0ba]
[2015-08-12 10:27:50,321: INFO/MainProcess] Received task: Activity.tasks.create_zipped_poster[28788cf7-c112-4ea8-beb9-82992a8ad335]
[2015-08-12 10:27:50,322: INFO/MainProcess] Received task: Activity.tasks.create_zipped_poster[a4e5b667-3783-449d-9a84-5ecc297e3e2e]
[2015-08-12 10:27:50,510: INFO/MainProcess] Task Profile.tasks.create_zipped_avatar[26893468-4486-472a-bdc7-a4dd74db4dab] succeeded in 0.196861958131s: None
[2015-08-12 10:27:50,574: INFO/MainProcess] Task Activity.tasks.create_zipped_poster[7fd5f423-5fef-40c3-91e4-a0ee0f18cfff] succeeded in 0.33627975639s: None
[2015-08-12 10:27:50,599: INFO/MainProcess] Task Activity.tasks.create_zipped_poster[617f4679-aa0d-429d-b667-ed01a136f916] succeeded in 0.363800980151s: None
[2015-08-12 10:27:50,601: INFO/MainProcess] Received task: Activity.tasks.create_zipped_poster[516fbd1b-646f-4b4f-b225-f9b181a983bf]
[2015-08-12 10:27:50,602: INFO/MainProcess] Received task: Activity.tasks.create_zipped_poster[b6b90977-f5c3-4722-af22-481fc6aa894e]
[2015-08-12 10:27:50,623: INFO/MainProcess] Task Activity.tasks.create_zipped_poster[87852c89-6b9c-4744-ae2e-614179e14d88] succeeded in 0.361481380649s: None
[2015-08-12 10:27:50,624: INFO/MainProcess] Task Activity.tasks.create_zipped_poster[35939d62-6f7d-4126-9b22-2c5dc470d6ed] succeeded in 0.320486649871s: None
[2015-08-12 10:27:50,626: INFO/MainProcess] Task Activity.tasks.create_zipped_poster[d5ee98dc-4546-4a97-b370-397612f11f0b] succeeded in 0.314347214065s: None
[2015-08-12 10:27:50,630: INFO/MainProcess] Task Activity.tasks.create_zipped_poster[5cc78bd0-00ce-448b-b9ce-512a627e40e4] succeeded in 0.318661235273s: None
[2015-08-12 10:27:50,682: INFO/MainProcess] Received task: Activity.tasks.create_zipped_poster[bffc209a-ce0b-4e0c-ae4d-59520a157611]
[2015-08-12 10:27:50,683: INFO/MainProcess] Received task: Activity.tasks.create_zipped_poster[03cca0e9-22d3-47bf-a6d5-797c95dc5d0e]
[2015-08-12 10:27:50,684: INFO/MainProcess] Received task: Activity.tasks.create_zipped_poster[8fd8a33a-f978-48d3-b410-ad4a9efe08bd]
[2015-08-12 10:27:50,685: INFO/MainProcess] Received task: Activity.tasks.create_zipped_poster[82e3285f-89b4-41fc-b96c-57e211cf0603]
[2015-08-12 10:27:50,685: INFO/MainProcess] Task Activity.tasks.create_zipped_poster[6f87b6ab-8c9d-43d9-9d05-74601f9a3535] succeeded in 0.42574390769s: None
[2015-08-12 10:27:50,687: INFO/MainProcess] Received task: Activity.tasks.create_zipped_poster[083aa855-091a-488a-a5ca-769bbe220f96]
[2015-08-12 10:27:50,689: INFO/MainProcess] Received task: Activity.tasks.create_zipped_poster[f959add3-3be5-4e5d-8c5a-245a32efdc02]
[2015-08-12 10:27:50,909: INFO/MainProcess] Task Activity.tasks.create_zipped_poster[cddcbcf5-7f85-4fb3-a49f-08f5afdba0fb] succeeded in 0.310709003359s: None
[2015-08-12 10:27:50,912: INFO/MainProcess] Received task: Activity.tasks.create_zipped_poster[e4559f0c-0dc2-429c-803a-038fa2606a29]
[2015-08-12 10:27:50,933: INFO/MainProcess] Task Activity.tasks.create_zipped_poster[42d45e28-fbd4-45db-bd70-d4dea3a4b0ee] succeeded in 0.304619219154s: None
[2015-08-12 10:27:50,935: INFO/MainProcess] Task Activity.tasks.create_zipped_poster[b3b33d66-c272-4182-a56d-d2ec28669592] succeeded in 0.33447355032s: None
[2015-08-12 10:27:50,935: INFO/MainProcess] Task Activity.tasks.create_zipped_poster[04033823-947e-4889-80d0-72b115d78516] succeeded in 0.308875281364s: None
[2015-08-12 10:27:50,957: INFO/MainProcess] Received task: Activity.tasks.create_zipped_poster[859625ed-ab21-4ebf-a617-e413670d611b]
[2015-08-12 10:27:50,958: INFO/MainProcess] Received task: Activity.tasks.create_zipped_poster[826534a1-92e2-4cd5-a7f3-37e6a757dc46]
[2015-08-12 10:27:50,972: INFO/MainProcess] Task Activity.tasks.create_zipped_poster[fcde2c0b-9a99-4170-95f9-895190316cf4] succeeded in 0.345571724698s: None
[2015-08-12 10:27:50,973: INFO/MainProcess] Task Activity.tasks.create_zipped_poster[b8e8dcec-1756-4429-a519-49566aca375c] succeeded in 0.290946312249s: None
[2015-08-12 10:27:50,977: INFO/MainProcess] Received task: Activity.tasks.create_zipped_poster[15c47655-d307-4e7c-8d26-ef7377ab9181]
[2015-08-12 10:27:50,979: INFO/MainProcess] Received task: Activity.tasks.create_zipped_poster[f894bd44-86f7-4270-88c4-12f78393805e]
[2015-08-12 10:27:50,980: INFO/MainProcess] Received task: Activity.tasks.create_zipped_poster[e6d16b10-2cdf-4d65-b93c-1c7bec20a6ce]
[2015-08-12 10:27:51,066: INFO/MainProcess] Task Activity.tasks.create_zipped_poster[b21905d7-92fc-4f8a-8a9d-1179fe64f768] succeeded in 0.434181787074s: None
[2015-08-12 10:27:51,067: INFO/MainProcess] Task Activity.tasks.create_zipped_poster[5d79790c-ac7d-4c0b-8458-1baa8406abf5] succeeded in 0.380446427502s: None
[2015-08-12 10:27:51,070: INFO/MainProcess] Received task: Activity.tasks.create_zipped_poster[61d3a980-74a2-4749-964e-3682fd39181d]
[2015-08-12 10:27:51,071: INFO/MainProcess] Received task: Activity.tasks.create_zipped_poster[83b2ac30-4add-4c9e-b1af-850be7a8490f]
[2015-08-12 10:27:51,228: INFO/MainProcess] Task Activity.tasks.create_zipped_poster[79b14266-8b81-4a10-8187-09ed453bbbdf] succeeded in 0.317828388885s: None
[2015-08-12 10:27:51,229: INFO/MainProcess] Task Activity.tasks.create_zipped_poster[3b48e808-b926-4207-9e06-19da960e3818] succeeded in 0.292528645135s: None
[2015-08-12 10:27:51,230: INFO/MainProcess] Task Activity.tasks.create_zipped_poster[4c872dcc-6900-4b2a-90f0-226d17092c88] succeeded in 0.255056685768s: None
[2015-08-12 10:27:51,234: INFO/MainProcess] Received task: Activity.tasks.create_zipped_poster[7675a1d1-d964-462d-b1b0-eba95d79db19]
[2015-08-12 10:27:51,252: INFO/MainProcess] Task Activity.tasks.create_zipped_poster[a7325cda-2e6a-4ff8-92c8-dfa93ab4c7e7] succeeded in 0.279832536355s: None
[2015-08-12 10:27:51,254: INFO/MainProcess] Task Activity.tasks.create_zipped_poster[59efa7b8-0a8c-48dc-8332-3bf4c2271c6e] succeeded in 0.279170552269s: None
[2015-08-12 10:27:51,255: INFO/MainProcess] Task Activity.tasks.create_zipped_poster[6eae6a33-7ed7-4335-827c-e3627ed0ffec] succeeded in 0.318123308942s: None
[2015-08-12 10:27:51,261: INFO/MainProcess] Received task: Activity.tasks.create_zipped_poster[6e214bb0-3c15-48a1-bf7f-fd43c506e601]
[2015-08-12 10:27:51,263: INFO/MainProcess] Received task: Activity.tasks.create_zipped_poster[f716b7fb-1233-4c40-8253-cad954d1e8dd]
[2015-08-12 10:27:51,269: INFO/MainProcess] Received task: Activity.tasks.create_zipped_poster[bcbbc191-8f23-47a1-943d-f69697017d7c]
[2015-08-12 10:27:51,270: INFO/MainProcess] Received task: Activity.tasks.create_zipped_poster[9b1c5a9f-acd4-46a4-85c8-0c57320263d9]
[2015-08-12 10:27:51,271: INFO/MainProcess] Received task: Activity.tasks.create_zipped_poster[c86eccdb-486d-471b-b966-a55d23aead12]
[2015-08-12 10:27:51,274: INFO/MainProcess] Task Activity.tasks.create_zipped_poster[32c0e7ee-a567-40e9-87d2-7d6825c7005f] succeeded in 0.206809977069s: None
[2015-08-12 10:27:51,282: INFO/MainProcess] Received task: Activity.tasks.create_zipped_poster[1b92c0c7-b526-4078-9527-7af1f4b60c64]
[2015-08-12 10:27:51,350: INFO/MainProcess] Task Activity.tasks.create_zipped_poster[2698b667-2d82-49bf-b1c7-ee81da3bea0b] succeeded in 0.281581521034s: None
[2015-08-12 10:27:51,466: INFO/MainProcess] Received task: Activity.tasks.create_zipped_poster[1b027118-b12d-4afb-bb7a-9d4f83bafcb5]
[2015-08-12 10:27:51,522: INFO/MainProcess] Task Activity.tasks.create_zipped_poster[649a4adc-0232-4585-989b-e8621f7cb7d9] succeeded in 0.292053497396s: None
[2015-08-12 10:27:51,537: INFO/MainProcess] Received task: Activity.tasks.create_zipped_poster[e571a288-ec35-4206-8481-cf0189a82ca0]
[2015-08-12 10:27:51,555: INFO/MainProcess] Task Activity.tasks.create_zipped_poster[ffd7ee76-ec36-4ed2-a0ac-dcd156eb771c] succeeded in 0.299478325062s: None
[2015-08-12 10:27:51,558: INFO/MainProcess] Task Activity.tasks.create_zipped_poster[6888420b-66a5-4d55-9d61-bcf243e897df] succeeded in 0.309092668816s: None
[2015-08-12 10:27:51,560: INFO/MainProcess] Received task: Activity.tasks.create_zipped_poster[4c4f75eb-ba4c-4b1e-a8b9-e1a62603eadc]
[2015-08-12 10:27:51,600: INFO/MainProcess] Task Activity.tasks.create_zipped_poster[8e785993-0f36-40a8-abcf-fff847ed54b2] succeeded in 0.349768578075s: None
[2015-08-12 10:27:51,601: INFO/MainProcess] Task Activity.tasks.create_zipped_poster[dbfedcb6-9744-4fbd-9879-3c49fa07d71c] succeeded in 0.344788324088s: None
[2015-08-12 10:27:51,607: INFO/MainProcess] Task Activity.tasks.create_zipped_poster[667812c1-36a2-40bc-8903-a090a46c43ab] succeeded in 0.350750331767s: None
[2015-08-12 10:27:51,623: INFO/MainProcess] Received task: Activity.tasks.create_zipped_poster[93a4a69e-dbbf-4c1b-82eb-a83aafa01164]
[2015-08-12 10:27:51,624: INFO/MainProcess] Received task: Activity.tasks.create_zipped_poster[bd4658ec-e934-48b4-956f-424025f40e9d]
[2015-08-12 10:27:51,625: INFO/MainProcess] Received task: Activity.tasks.create_zipped_poster[acc26c72-196b-4f76-be8d-3264a7268e8d]
[2015-08-12 10:27:51,626: INFO/MainProcess] Received task: Profile.tasks.create_zipped_avatar[83545104-933f-4c57-9837-5ba0efbb192b]
[2015-08-12 10:27:51,632: INFO/MainProcess] Task Activity.tasks.create_zipped_poster[774d6cce-7cf1-4bcc-99ab-8ca19fe75b54] succeeded in 0.281599148177s: None
[2015-08-12 10:27:51,634: INFO/MainProcess] Task Activity.tasks.create_zipped_poster[80c8a600-5cb7-4cc1-b1dc-960360199792] succeeded in 0.35892541986s: None
[2015-08-12 10:27:51,637: INFO/MainProcess] Received task: Profile.tasks.create_zipped_avatar[4cb7e266-84a3-4f73-8f7b-8138c000b751]
[2015-08-12 10:27:51,640: INFO/MainProcess] Received task: Profile.tasks.create_zipped_avatar[a4eedcce-7bf3-42df-9ace-fb61249fa9d8]
[2015-08-12 10:27:51,839: INFO/MainProcess] Task Activity.tasks.create_zipped_poster[52c679fa-723b-463d-86fe-03f7a5b60f88] succeeded in 0.315381225199s: None
[2015-08-12 10:27:51,841: INFO/MainProcess] Received task: Activity.tasks.create_zipped_poster[2cfd5fe7-7bcd-4ffb-b694-35171d49837e]
[2015-08-12 10:27:51,863: INFO/MainProcess] Task Activity.tasks.create_zipped_poster[6d21fb7d-721f-4f74-a154-0017bb667cb3] succeeded in 0.305369476788s: None
[2015-08-12 10:27:51,865: INFO/MainProcess] Received task: Activity.tasks.create_zipped_poster[bd8d5ad5-632d-4d8d-a5e4-96b15bb70f72]
[2015-08-12 10:27:51,939: INFO/MainProcess] Task Activity.tasks.create_zipped_poster[2dfb4b5d-dad4-4ebe-a8ec-05dea808598c] succeeded in 0.337540710345s: None
[2015-08-12 10:27:51,942: INFO/MainProcess] Task Activity.tasks.create_zipped_poster[a3ccfd1c-a9b0-4758-8830-b1bb0713d0ba] succeeded in 0.333552757278s: None
[2015-08-12 10:27:51,943: INFO/MainProcess] Task Activity.tasks.create_zipped_poster[0af858ee-fbbd-48a5-ba9e-1b9e875c1974] succeeded in 0.344200244173s: None
[2015-08-12 10:27:51,947: INFO/MainProcess] Received task: Activity.tasks.create_zipped_poster[5949664a-c81d-4dd3-a9c4-1c9401c9ee43]
[2015-08-12 10:27:51,984: INFO/MainProcess] Task Activity.tasks.create_zipped_poster[bd465a21-bf52-4d1d-9986-1708a7411e62] succeeded in 0.382408061996s: None
[2015-08-12 10:27:51,986: INFO/MainProcess] Task Activity.tasks.create_zipped_poster[28788cf7-c112-4ea8-beb9-82992a8ad335] succeeded in 0.352056079544s: None
[2015-08-12 10:27:52,055: INFO/MainProcess] Task Activity.tasks.create_zipped_poster[a4e5b667-3783-449d-9a84-5ecc297e3e2e] succeeded in 0.419318154454s: None
[2015-08-12 10:27:52,137: INFO/MainProcess] Task Activity.tasks.create_zipped_poster[516fbd1b-646f-4b4f-b225-f9b181a983bf] succeeded in 0.297774218023s: None
[2015-08-12 10:27:52,184: INFO/MainProcess] Task Activity.tasks.create_zipped_poster[b6b90977-f5c3-4722-af22-481fc6aa894e] succeeded in 0.321015556343s: None
[2015-08-12 10:27:52,239: INFO/MainProcess] Task Activity.tasks.create_zipped_poster[03cca0e9-22d3-47bf-a6d5-797c95dc5d0e] succeeded in 0.295006820932s: None
[2015-08-12 10:27:52,298: INFO/MainProcess] Task Activity.tasks.create_zipped_poster[bffc209a-ce0b-4e0c-ae4d-59520a157611] succeeded in 0.353749035858s: None
[2015-08-12 10:27:52,299: INFO/MainProcess] Task Activity.tasks.create_zipped_poster[083aa855-091a-488a-a5ca-769bbe220f96] succeeded in 0.311670290306s: None
[2015-08-12 10:27:52,301: INFO/MainProcess] Task Activity.tasks.create_zipped_poster[8fd8a33a-f978-48d3-b410-ad4a9efe08bd] succeeded in 0.317294217646s: None
[2015-08-12 10:27:52,324: INFO/MainProcess] Task Activity.tasks.create_zipped_poster[82e3285f-89b4-41fc-b96c-57e211cf0603] succeeded in 0.336941819638s: None
[2015-08-12 10:27:52,326: INFO/MainProcess] Task Activity.tasks.create_zipped_poster[f959add3-3be5-4e5d-8c5a-245a32efdc02] succeeded in 0.269441771321s: None
[2015-08-12 10:27:52,358: INFO/MainProcess] Task Activity.tasks.create_zipped_poster[e4559f0c-0dc2-429c-803a-038fa2606a29] succeeded in 0.220094138756s: None
[2015-08-12 10:27:52,421: INFO/MainProcess] Task Activity.tasks.create_zipped_poster[859625ed-ab21-4ebf-a617-e413670d611b] succeeded in 0.235888893716s: None
[2015-08-12 10:27:52,596: INFO/MainProcess] Task Activity.tasks.create_zipped_poster[826534a1-92e2-4cd5-a7f3-37e6a757dc46] succeeded in 0.29942944739s: None
[2015-08-12 10:27:52,623: INFO/MainProcess] Task Activity.tasks.create_zipped_poster[61d3a980-74a2-4749-964e-3682fd39181d] succeeded in 0.29556460306s: None
[2015-08-12 10:27:52,626: INFO/MainProcess] Task Activity.tasks.create_zipped_poster[15c47655-d307-4e7c-8d26-ef7377ab9181] succeeded in 0.324725097045s: None
[2015-08-12 10:27:52,661: INFO/MainProcess] Task Activity.tasks.create_zipped_poster[f894bd44-86f7-4270-88c4-12f78393805e] succeeded in 0.35621557571s: None
[2015-08-12 10:27:52,662: INFO/MainProcess] Task Activity.tasks.create_zipped_poster[7675a1d1-d964-462d-b1b0-eba95d79db19] succeeded in 0.302807428874s: None
[2015-08-12 10:27:52,663: INFO/MainProcess] Task Activity.tasks.create_zipped_poster[83b2ac30-4add-4c9e-b1af-850be7a8490f] succeeded in 0.335915700532s: None
[2015-08-12 10:27:52,666: INFO/MainProcess] Task Activity.tasks.create_zipped_poster[e6d16b10-2cdf-4d65-b93c-1c7bec20a6ce] succeeded in 0.342952265404s: None
[2015-08-12 10:27:52,790: INFO/MainProcess] Task Activity.tasks.create_zipped_poster[6e214bb0-3c15-48a1-bf7f-fd43c506e601] succeeded in 0.367945536971s: None
[2015-08-12 10:27:52,952: INFO/MainProcess] Task Activity.tasks.create_zipped_poster[bcbbc191-8f23-47a1-943d-f69697017d7c] succeeded in 0.325649552979s: None
[2015-08-12 10:27:52,953: INFO/MainProcess] Task Activity.tasks.create_zipped_poster[f716b7fb-1233-4c40-8253-cad954d1e8dd] succeeded in 0.355647711083s: None
[2015-08-12 10:27:52,954: INFO/MainProcess] Task Activity.tasks.create_zipped_poster[9b1c5a9f-acd4-46a4-85c8-0c57320263d9] succeeded in 0.297307350673s: None
[2015-08-12 10:27:52,973: INFO/MainProcess] Task Activity.tasks.create_zipped_poster[e571a288-ec35-4206-8481-cf0189a82ca0] succeeded in 0.302882397547s: None
[2015-08-12 10:27:52,974: INFO/MainProcess] Task Activity.tasks.create_zipped_poster[c86eccdb-486d-471b-b966-a55d23aead12] succeeded in 0.308606912382s: None
[2015-08-12 10:27:52,975: INFO/MainProcess] Task Activity.tasks.create_zipped_poster[1b92c0c7-b526-4078-9527-7af1f4b60c64] succeeded in 0.311066222377s: None
[2015-08-12 10:27:52,999: INFO/MainProcess] Task Activity.tasks.create_zipped_poster[4c4f75eb-ba4c-4b1e-a8b9-e1a62603eadc] succeeded in 0.207451439463s: None
[2015-08-12 10:27:53,002: INFO/MainProcess] Task Activity.tasks.create_zipped_poster[1b027118-b12d-4afb-bb7a-9d4f83bafcb5] succeeded in 0.338524709456s: None
[2015-08-12 10:27:53,255: INFO/MainProcess] Task Activity.tasks.create_zipped_poster[bd4658ec-e934-48b4-956f-424025f40e9d] succeeded in 0.300196999684s: None
[2015-08-12 10:27:53,280: INFO/MainProcess] Task Activity.tasks.create_zipped_poster[93a4a69e-dbbf-4c1b-82eb-a83aafa01164] succeeded in 0.325219011866s: None
[2015-08-12 10:27:53,303: INFO/MainProcess] Task Profile.tasks.create_zipped_avatar[a4eedcce-7bf3-42df-9ace-fb61249fa9d8] succeeded in 0.309862099588s: None
[2015-08-12 10:27:53,304: INFO/MainProcess] Task Activity.tasks.create_zipped_poster[acc26c72-196b-4f76-be8d-3264a7268e8d] succeeded in 0.34728933312s: None
[2015-08-12 10:27:53,305: INFO/MainProcess] Task Profile.tasks.create_zipped_avatar[83545104-933f-4c57-9837-5ba0efbb192b] succeeded in 0.329567397013s: None
[2015-08-12 10:27:53,327: INFO/MainProcess] Task Activity.tasks.create_zipped_poster[bd8d5ad5-632d-4d8d-a5e4-96b15bb70f72] succeeded in 0.31957984902s: None
[2015-08-12 10:27:53,328: INFO/MainProcess] Task Profile.tasks.create_zipped_avatar[4cb7e266-84a3-4f73-8f7b-8138c000b751] succeeded in 0.352638675831s: None
[2015-08-12 10:27:53,329: INFO/MainProcess] Task Activity.tasks.create_zipped_poster[2cfd5fe7-7bcd-4ffb-b694-35171d49837e] succeeded in 0.324411959387s: None
[2015-08-12 10:27:53,450: INFO/MainProcess] Task Activity.tasks.create_zipped_poster[5949664a-c81d-4dd3-a9c4-1c9401c9ee43] succeeded in 0.170437105s: None
[2015-08-12 10:35:35,421: INFO/MainProcess] Received task: Profile.tasks.create_zipped_avatar[c2924af4-62dc-4879-a37b-5ecdf1e5385c]
[2015-08-12 10:35:35,476: INFO/MainProcess] Task Profile.tasks.create_zipped_avatar[c2924af4-62dc-4879-a37b-5ecdf1e5385c] succeeded in 0.0528181986883s: None
[2015-08-12 10:40:09,251: INFO/MainProcess] Received task: Profile.tasks.create_zipped_avatar[d184c7d8-ff0d-438e-8875-e483d18c563c]
[2015-08-12 10:40:09,345: INFO/MainProcess] Task Profile.tasks.create_zipped_avatar[d184c7d8-ff0d-438e-8875-e483d18c563c] succeeded in 0.0927200522274s: None
[2015-08-12 10:44:58,213: INFO/MainProcess] Received task: Profile.tasks.create_zipped_avatar[3a4e8cfe-04f6-4e26-8ec8-5228bc77bb67]
[2015-08-12 10:44:58,328: INFO/MainProcess] Task Profile.tasks.create_zipped_avatar[3a4e8cfe-04f6-4e26-8ec8-5228bc77bb67] succeeded in 0.11281953007s: None
[2015-08-12 10:55:43,669: INFO/MainProcess] Received task: Profile.tasks.create_zipped_avatar[26e74515-7a86-4015-b43e-beb2ebb8bc50]
[2015-08-12 10:55:43,717: INFO/MainProcess] Task Profile.tasks.create_zipped_avatar[26e74515-7a86-4015-b43e-beb2ebb8bc50] succeeded in 0.0463334694505s: None
[2015-08-12 10:56:44,576: INFO/MainProcess] Received task: Profile.tasks.create_zipped_avatar[1267b0db-5673-4ddf-a2f7-d5f3a77f3ca8]
[2015-08-12 10:56:44,618: INFO/MainProcess] Task Profile.tasks.create_zipped_avatar[1267b0db-5673-4ddf-a2f7-d5f3a77f3ca8] succeeded in 0.0404887720942s: None
[2015-08-12 10:56:48,484: INFO/MainProcess] Received task: Profile.tasks.create_zipped_avatar[f534a3bc-ee48-47d3-abaf-988efddfd04e]
[2015-08-12 10:56:48,559: INFO/MainProcess] Task Profile.tasks.create_zipped_avatar[f534a3bc-ee48-47d3-abaf-988efddfd04e] succeeded in 0.0729395234957s: None
[2015-08-12 10:56:53,514: INFO/MainProcess] Received task: Profile.tasks.create_zipped_avatar[13e630a6-9a56-4c5e-8ded-72d18b8cc013]
[2015-08-12 10:56:53,568: INFO/MainProcess] Task Profile.tasks.create_zipped_avatar[13e630a6-9a56-4c5e-8ded-72d18b8cc013] succeeded in 0.0525729395449s: None
[2015-08-12 10:56:57,046: INFO/MainProcess] Received task: Profile.tasks.create_zipped_avatar[8a20de22-8dbf-4176-9238-6b8bacf76b7c]
[2015-08-12 10:56:57,098: INFO/MainProcess] Task Profile.tasks.create_zipped_avatar[8a20de22-8dbf-4176-9238-6b8bacf76b7c] succeeded in 0.0500545185059s: None
[2015-08-12 10:58:00,293: INFO/MainProcess] Received task: Profile.tasks.create_zipped_avatar[89c09d91-7dfa-4019-8cb7-8350c7eb2cf8]
[2015-08-12 10:58:00,294: INFO/MainProcess] Received task: Profile.tasks.create_zipped_avatar[44cfd847-dd65-425c-98fc-22cd78651cd7]
[2015-08-12 10:58:00,372: INFO/MainProcess] Task Profile.tasks.create_zipped_avatar[89c09d91-7dfa-4019-8cb7-8350c7eb2cf8] succeeded in 0.0762776127085s: None
[2015-08-12 10:58:00,396: INFO/MainProcess] Task Profile.tasks.create_zipped_avatar[44cfd847-dd65-425c-98fc-22cd78651cd7] succeeded in 0.100433538668s: None
[2015-08-12 10:59:19,253: INFO/MainProcess] Received task: Profile.tasks.create_zipped_avatar[4af12de8-6556-4bf9-a024-4abf0ec73d8c]
[2015-08-12 10:59:19,310: INFO/MainProcess] Task Profile.tasks.create_zipped_avatar[4af12de8-6556-4bf9-a024-4abf0ec73d8c] succeeded in 0.055355111137s: None
[2015-08-12 11:01:27,399: INFO/MainProcess] Received task: Profile.tasks.create_zipped_avatar[7f88f5a2-fb2b-43df-aca2-c7a663374f1f]
[2015-08-12 11:01:27,498: INFO/MainProcess] Task Profile.tasks.create_zipped_avatar[7f88f5a2-fb2b-43df-aca2-c7a663374f1f] succeeded in 0.0962568270043s: None
[2015-08-12 11:09:17,947: INFO/MainProcess] Received task: Profile.tasks.create_zipped_avatar[4a6caadd-e5f0-4e1b-8c7e-565682a8471f]
[2015-08-12 11:09:17,993: INFO/MainProcess] Task Profile.tasks.create_zipped_avatar[4a6caadd-e5f0-4e1b-8c7e-565682a8471f] succeeded in 0.0440009320155s: None
[2015-08-12 11:09:43,400: INFO/MainProcess] Received task: Profile.tasks.create_zipped_avatar[06e75acd-83a8-47e6-b9d7-9ca567c7628a]
[2015-08-12 11:09:43,490: INFO/MainProcess] Task Profile.tasks.create_zipped_avatar[06e75acd-83a8-47e6-b9d7-9ca567c7628a] succeeded in 0.0886496184394s: None
[2015-08-12 13:02:03,825: INFO/MainProcess] Received task: Profile.tasks.create_zipped_avatar[a024617b-7310-442f-8b5c-24ad04cafc22]
[2015-08-12 13:02:03,924: INFO/MainProcess] Task Profile.tasks.create_zipped_avatar[a024617b-7310-442f-8b5c-24ad04cafc22] succeeded in 0.0969301061705s: None
[2015-08-12 18:05:44,833: INFO/MainProcess] Received task: Profile.tasks.create_zipped_avatar[a7dd16be-03a6-436e-8f8d-4f2d965b7c36]
[2015-08-12 18:05:44,890: INFO/MainProcess] Task Profile.tasks.create_zipped_avatar[a7dd16be-03a6-436e-8f8d-4f2d965b7c36] succeeded in 0.0544969476759s: None
[2015-08-12 18:05:50,281: INFO/MainProcess] Received task: Profile.tasks.create_zipped_avatar[546122f3-adae-4b35-938a-4d17ca65fa8e]
[2015-08-12 18:05:50,331: INFO/MainProcess] Task Profile.tasks.create_zipped_avatar[546122f3-adae-4b35-938a-4d17ca65fa8e] succeeded in 0.0491837160662s: None
[2015-08-12 18:06:05,659: INFO/MainProcess] Received task: Profile.tasks.create_zipped_avatar[078d1d4f-2575-442d-8e42-651ebfca679c]
[2015-08-12 18:06:05,712: INFO/MainProcess] Task Profile.tasks.create_zipped_avatar[078d1d4f-2575-442d-8e42-651ebfca679c] succeeded in 0.0514525901526s: None
[2015-08-12 18:06:10,801: INFO/MainProcess] Received task: Profile.tasks.create_zipped_avatar[b1cb0bdd-0b0d-4288-be49-ee46717eb456]
[2015-08-12 18:06:10,860: INFO/MainProcess] Task Profile.tasks.create_zipped_avatar[b1cb0bdd-0b0d-4288-be49-ee46717eb456] succeeded in 0.0568461529911s: None
[2015-08-12 18:06:14,005: INFO/MainProcess] Received task: Profile.tasks.create_zipped_avatar[31d7944f-b00f-4568-ac5f-e95cbcf0231e]
[2015-08-12 18:06:14,007: INFO/MainProcess] Received task: Profile.tasks.create_zipped_avatar[034e41ae-3847-493f-aa5f-7b5db8d68e44]
[2015-08-12 18:06:14,085: INFO/MainProcess] Task Profile.tasks.create_zipped_avatar[31d7944f-b00f-4568-ac5f-e95cbcf0231e] succeeded in 0.0788007043302s: None
[2015-08-12 18:06:14,112: INFO/MainProcess] Task Profile.tasks.create_zipped_avatar[034e41ae-3847-493f-aa5f-7b5db8d68e44] succeeded in 0.10353844706s: None
[2015-08-12 18:06:36,220: INFO/MainProcess] Received task: Profile.tasks.create_zipped_avatar[98ee57cb-7c59-417b-9596-cb8fe67f203c]
[2015-08-12 18:06:36,222: INFO/MainProcess] Received task: Profile.tasks.create_zipped_avatar[7c34230e-26a2-4ba0-86d6-583016c4f69d]
[2015-08-12 18:06:36,356: INFO/MainProcess] Task Profile.tasks.create_zipped_avatar[98ee57cb-7c59-417b-9596-cb8fe67f203c] succeeded in 0.132833239622s: None
[2015-08-12 18:06:36,380: INFO/MainProcess] Task Profile.tasks.create_zipped_avatar[7c34230e-26a2-4ba0-86d6-583016c4f69d] succeeded in 0.156987062655s: None
[2015-08-12 18:12:49,549: INFO/MainProcess] Received task: Profile.tasks.create_zipped_avatar[ebc583dc-476f-459f-afcf-19a4c16e42ed]
[2015-08-12 18:12:49,634: INFO/MainProcess] Task Profile.tasks.create_zipped_avatar[ebc583dc-476f-459f-afcf-19a4c16e42ed] succeeded in 0.0827933764085s: None
[2015-08-12 18:18:17,684: INFO/MainProcess] Received task: Activity.tasks.create_zipped_poster[602ac559-f5a8-4105-962e-39f81f0b6db1]
[2015-08-12 18:18:17,820: INFO/MainProcess] Task Activity.tasks.create_zipped_poster[602ac559-f5a8-4105-962e-39f81f0b6db1] succeeded in 0.133461971767s: None
[2015-08-12 18:34:30,998: INFO/MainProcess] Received task: Profile.tasks.create_zipped_avatar[a7f01bff-1d5f-4dba-bcc3-141c5bf4820d]
[2015-08-12 18:34:31,130: INFO/MainProcess] Task Profile.tasks.create_zipped_avatar[a7f01bff-1d5f-4dba-bcc3-141c5bf4820d] succeeded in 0.129760536365s: None
[2015-08-12 18:35:49,895: INFO/MainProcess] Received task: Profile.tasks.create_zipped_avatar[d0675750-2b6b-4b3d-9478-cb160f840fee]
[2015-08-12 18:35:49,985: INFO/MainProcess] Task Profile.tasks.create_zipped_avatar[d0675750-2b6b-4b3d-9478-cb160f840fee] succeeded in 0.0875900238752s: None
[2015-08-12 18:45:33,494: INFO/MainProcess] Received task: Profile.tasks.create_zipped_avatar[b0e44663-7f66-45b1-a8e2-a220adefdd4b]
[2015-08-12 18:45:33,566: INFO/MainProcess] Task Profile.tasks.create_zipped_avatar[b0e44663-7f66-45b1-a8e2-a220adefdd4b] succeeded in 0.0697522452101s: None
[2015-08-12 18:45:33,967: INFO/MainProcess] Received task: Profile.tasks.create_zipped_avatar[a3866147-3e05-413f-b327-798923e61e02]
[2015-08-12 18:45:34,045: INFO/MainProcess] Task Profile.tasks.create_zipped_avatar[a3866147-3e05-413f-b327-798923e61e02] succeeded in 0.0744885411114s: None
[2015-08-12 18:45:36,602: INFO/MainProcess] Received task: Profile.tasks.create_zipped_avatar[e559ca14-7e4e-41a8-bd0e-766cfca219e2]
[2015-08-12 18:45:36,650: INFO/MainProcess] Task Profile.tasks.create_zipped_avatar[e559ca14-7e4e-41a8-bd0e-766cfca219e2] succeeded in 0.0468192612752s: None
[2015-08-12 18:55:32,259: INFO/MainProcess] Received task: Profile.tasks.create_zipped_avatar[2f1ffe8b-ffcd-4da3-ac2f-54141f064a64]
[2015-08-12 18:55:32,318: INFO/MainProcess] Task Profile.tasks.create_zipped_avatar[2f1ffe8b-ffcd-4da3-ac2f-54141f064a64] succeeded in 0.0571606699377s: None
[2015-08-12 18:56:11,057: INFO/MainProcess] Received task: Activity.tasks.create_zipped_poster[e01d93ab-05ba-4bcc-9223-47465d29dafb]
[2015-08-12 18:56:11,210: INFO/MainProcess] Task Activity.tasks.create_zipped_poster[e01d93ab-05ba-4bcc-9223-47465d29dafb] succeeded in 0.130193793215s: None
[2015-08-12 18:56:55,499: INFO/MainProcess] Received task: Profile.tasks.create_zipped_avatar[4055ee4c-f69e-4a66-ba86-dbba27bb1bd4]
[2015-08-12 18:56:55,561: INFO/MainProcess] Task Profile.tasks.create_zipped_avatar[4055ee4c-f69e-4a66-ba86-dbba27bb1bd4] succeeded in 0.0591574404389s: None
[2015-08-12 18:59:41,086: INFO/MainProcess] Received task: Activity.tasks.create_zipped_poster[2409ba56-9b3c-4d00-8d03-efadf2bba703]
[2015-08-12 18:59:41,218: INFO/MainProcess] Task Activity.tasks.create_zipped_poster[2409ba56-9b3c-4d00-8d03-efadf2bba703] succeeded in 0.108161191456s: None
[2015-08-12 19:04:06,000: INFO/MainProcess] Received task: Profile.tasks.create_zipped_avatar[0978cc28-873b-4b59-bb69-dde156401ff7]
[2015-08-12 19:04:06,068: INFO/MainProcess] Task Profile.tasks.create_zipped_avatar[0978cc28-873b-4b59-bb69-dde156401ff7] succeeded in 0.065897536464s: None
[2015-08-12 19:04:46,845: INFO/MainProcess] Received task: Profile.tasks.create_zipped_avatar[ea094ca2-b664-4df6-870f-0dba80efba23]
[2015-08-12 19:04:46,907: INFO/MainProcess] Task Profile.tasks.create_zipped_avatar[ea094ca2-b664-4df6-870f-0dba80efba23] succeeded in 0.0587723283097s: None
[2015-08-12 19:04:48,606: INFO/MainProcess] Received task: Profile.tasks.create_zipped_avatar[5cd2a699-15ed-47a6-8539-bd1736814aae]
[2015-08-12 19:04:48,652: INFO/MainProcess] Task Profile.tasks.create_zipped_avatar[5cd2a699-15ed-47a6-8539-bd1736814aae] succeeded in 0.044903729111s: None
[2015-08-12 19:05:16,910: INFO/MainProcess] Received task: Profile.tasks.create_zipped_avatar[cb30f429-de72-4f84-929e-1184324a8f58]
[2015-08-12 19:05:16,970: INFO/MainProcess] Task Profile.tasks.create_zipped_avatar[cb30f429-de72-4f84-929e-1184324a8f58] succeeded in 0.0573001513258s: None
[2015-08-12 19:08:41,093: INFO/MainProcess] Received task: Profile.tasks.create_zipped_avatar[7e8c5bb9-0294-4b7b-b18e-e0f96af74c04]
[2015-08-12 19:08:41,140: INFO/MainProcess] Task Profile.tasks.create_zipped_avatar[7e8c5bb9-0294-4b7b-b18e-e0f96af74c04] succeeded in 0.0448252046481s: None
[2015-08-12 19:11:19,057: INFO/MainProcess] Received task: Profile.tasks.create_zipped_avatar[e25de935-9c25-45ac-9e1a-4f983dd1c666]
[2015-08-12 19:11:19,126: INFO/MainProcess] Task Profile.tasks.create_zipped_avatar[e25de935-9c25-45ac-9e1a-4f983dd1c666] succeeded in 0.0667058601975s: None
[2015-08-12 19:17:03,185: INFO/MainProcess] Received task: Profile.tasks.create_zipped_avatar[72ee08ae-3c55-481b-9f8b-41c7ded0b499]
[2015-08-12 19:17:03,235: INFO/MainProcess] Task Profile.tasks.create_zipped_avatar[72ee08ae-3c55-481b-9f8b-41c7ded0b499] succeeded in 0.0479210969061s: None
[2015-08-12 19:20:41,365: INFO/MainProcess] Received task: Profile.tasks.create_zipped_avatar[f1ce4f61-2dec-4c95-a542-d323a89d56ec]
[2015-08-12 19:20:41,458: INFO/MainProcess] Task Profile.tasks.create_zipped_avatar[f1ce4f61-2dec-4c95-a542-d323a89d56ec] succeeded in 0.0912715038285s: None
[2015-08-12 19:21:17,289: INFO/MainProcess] Received task: Activity.tasks.create_zipped_poster[76c20228-3bd3-4ecc-96a2-3fe784035fdd]
[2015-08-12 19:21:17,421: INFO/MainProcess] Task Activity.tasks.create_zipped_poster[76c20228-3bd3-4ecc-96a2-3fe784035fdd] succeeded in 0.107733551413s: None
[2015-08-12 19:23:08,292: INFO/MainProcess] Received task: Profile.tasks.create_zipped_avatar[f8049d78-6550-4aa1-a0f5-d7c5928b6799]
[2015-08-12 19:23:08,415: INFO/MainProcess] Task Profile.tasks.create_zipped_avatar[f8049d78-6550-4aa1-a0f5-d7c5928b6799] succeeded in 0.120281290263s: None
[2015-08-19 23:50:20,580: INFO/MainProcess] Connected to amqp://guest:**@127.0.0.1:5672//
[2015-08-19 23:50:20,617: WARNING/MainProcess] celery@host ready.
